WARNING: The specified Android SDK Build Tools version (34.0.0) is ignored, as it is below the minimum supported version (35.0.0) for Android Gradle Plugin 8.8.1.
Android SDK Build Tools 35.0.0 will be used.
To suppress this warning, remove "buildToolsVersion '34.0.0'" from your build.gradle file, as each version of the Android Gradle Plugin now has a default version of the build tools.
WARNING: The specified Android SDK Build Tools version (34.0.0) is ignored, as it is below the minimum supported version (35.0.0) for Android Gradle Plugin 8.8.1.
Android SDK Build Tools 35.0.0 will be used.
To suppress this warning, remove "buildToolsVersion '34.0.0'" from your build.gradle file, as each version of the Android Gradle Plugin now has a default version of the build tools.
Checking the license for package Android SDK Build-Tools 35 in /Users/zhengjiaye/Android/SDK/cmdline-tools/latest/licenses
Warning: License for package Android SDK Build-Tools 35 not accepted.
Checking the license for package Android SDK Platform 34 in /Users/zhengjiaye/Android/SDK/cmdline-tools/latest/licenses
Warning: License for package Android SDK Platform 34 not accepted.

FAILURE: Build failed with an exception.

* What went wrong:
Could not determine the dependencies of task ':app:compileDebugJavaWithJavac'.
> Failed to install the following Android SDK packages as some licences have not been accepted.
     build-tools;35.0.0 Android SDK Build-Tools 35
     platforms;android-34 Android SDK Platform 34
  To build this project, accept the SDK license agreements and install the missing components using the Android Studio SDK Manager.
  All licenses can be accepted using the sdkmanager command line tool:
  sdkmanager.bat --licenses
  Or, to transfer the license agreements from one workstation to another, see https://developer.android.com/studio/intro/update.html#download-with-gradle
  
  Using Android SDK: /Users/zhengjiaye/Android/SDK/cmdline-tools/latest

* Try:
> Run with --stacktrace option to get the stack trace.
> Run with --info or --debug option to get more log output.
> Run with --scan to get full insights.
> Get more help at https://help.gradle.org.

BUILD FAILED in 6s
